{"target": 92.13709831237793, "params": {"hidden_units": 4.123620356542087, "lc_multiplier": 0.9507143064099162, "length_cost": 4.659969709057025, "mode": 0.5986584841970366, "rlr_multiplier": -0.687962719115127, "slr": 2.3119890406724055, "vocab_size": 1.0580836121681996}, "datetime": {"datetime": "2024-10-25 00:43:23", "elapsed": 0.0, "delta": 0.0}}
{"target": 76.10887289047241, "params": {"hidden_units": 5.598528437324806, "lc_multiplier": 0.6011150117432088, "length_cost": 4.540362888980227, "mode": 0.020584494295802447, "rlr_multiplier": 0.9398197043239886, "slr": 3.6648852816008435, "vocab_size": 1.2123391106782762}, "datetime": {"datetime": "2024-10-25 00:46:53", "elapsed": 209.531798, "delta": 209.531798}}
{"target": 85.0806474685669, "params": {"hidden_units": 3.5454749016213016, "lc_multiplier": 0.18340450985343382, "length_cost": 2.5212112147976886, "mode": 0.5247564316322378, "rlr_multiplier": -0.13610996271576847, "slr": 2.582458280396084, "vocab_size": 1.6118528947223796}, "datetime": {"datetime": "2024-10-25 00:50:41", "elapsed": 437.802526, "delta": 228.270728}}
{"target": 22.177419066429138, "params": {"hidden_units": 3.4184815819561254, "lc_multiplier": 0.29214464853521815, "length_cost": 2.8318092164684585, "mode": 0.45606998421703593, "rlr_multiplier": 0.5703519227860272, "slr": 2.3993475643167193, "vocab_size": 1.5142344384136117}, "datetime": {"datetime": "2024-10-25 00:54:33", "elapsed": 670.033036, "delta": 232.23051}}
{"target": 17.842741310596466, "params": {"hidden_units": 4.777243706586127, "lc_multiplier": 0.046450412719997725, "length_cost": 4.037724259507192, "mode": 0.17052412368729153, "rlr_multiplier": -0.869896814029441, "slr": 3.8977710745066663, "vocab_size": 1.9656320330745594}, "datetime": {"datetime": "2024-10-25 00:58:54", "elapsed": 931.023014, "delta": 260.989978}}
{"target": 94.05242204666138, "params": {"hidden_units": 5.425192044349384, "lc_multiplier": 0.3046137691733707, "length_cost": 1.4883605700319193, "mode": 0.6842330265121569, "rlr_multiplier": -0.1196950125207974, "slr": 2.2440764696895577, "vocab_size": 1.4951769101112702}, "datetime": {"datetime": "2024-10-25 01:04:57", "elapsed": 1293.138071, "delta": 362.115057}}
{"target": 19.153225421905518, "params": {"hidden_units": 3.103165563345655, "lc_multiplier": 0.9093204020787821, "length_cost": 2.2938999080000846, "mode": 0.662522284353982, "rlr_multiplier": -0.3765778478211781, "slr": 3.0401360423556216, "vocab_size": 1.5467102793432796}, "datetime": {"datetime": "2024-10-25 01:08:45", "elapsed": 1521.977202, "delta": 228.839131}}
{"target": 73.08467626571655, "params": {"hidden_units": 3.554563366576581, "lc_multiplier": 0.9695846277645586, "length_cost": 4.875664116805573, "mode": 0.9394989415641891, "rlr_multiplier": 0.7896547008552977, "slr": 3.19579995762217, "vocab_size": 1.9218742350231168}, "datetime": {"datetime": "2024-10-25 01:14:52", "elapsed": 1888.198825, "delta": 366.221623}}
{"target": 72.78226017951965, "params": {"hidden_units": 3.2807564452252023, "lc_multiplier": 0.3947457481930373, "length_cost": 3.390575011672502, "mode": 0.6720826252445783, "rlr_multiplier": 0.307944072550258, "slr": 3.8126906894284613, "vocab_size": 1.838673122588332}, "datetime": {"datetime": "2024-10-25 01:23:21", "elapsed": 2397.278487, "delta": 509.079662}}
{"target": 75.40322542190552, "params": {"hidden_units": 3.1931124040144985, "lc_multiplier": 0.10896990217909097, "length_cost": 5.482060375705955, "mode": 0.849946745178665, "rlr_multiplier": 0.5037172698496972, "slr": 2.557874587181616, "vocab_size": 1.4978169533106223}, "datetime": {"datetime": "2024-10-25 01:27:50", "elapsed": 2666.851044, "delta": 269.572557}}
{"target": 21.875, "params": {"hidden_units": 4.277074461297665, "lc_multiplier": 0.34078756379624564, "length_cost": 5.524458916243121, "mode": 0.4725194378803723, "rlr_multiplier": 0.8852542798862186, "slr": 2.5944898522722997, "vocab_size": 1.680407691852262}, "datetime": {"datetime": "2024-10-25 01:33:19", "elapsed": 2995.531972, "delta": 328.680928}}
{"target": 89.21371102333069, "params": {"hidden_units": 5.995668904913383, "lc_multiplier": 0.051165519779908464, "length_cost": 4.912824645160856, "mode": 0.7423245502822605, "rlr_multiplier": 0.5847405956328882, "slr": 2.6985621093884937, "vocab_size": 1.4644150951442136}, "datetime": {"datetime": "2024-10-25 01:40:40", "elapsed": 3436.932536, "delta": 441.400564}}
{"target": 21.572580933570862, "params": {"hidden_units": 4.668225461696439, "lc_multiplier": 0.9037449169220592, "length_cost": 4.309157001409941, "mode": 0.23051231631732771, "rlr_multiplier": 0.9322348769735094, "slr": 2.792292033781508, "vocab_size": 1.0276632024049588}, "datetime": {"datetime": "2024-10-25 01:46:00", "elapsed": 3756.588635, "delta": 319.656099}}
{"target": 19.758065044879913, "params": {"hidden_units": 5.427394832675036, "lc_multiplier": 0.1927462083550544, "length_cost": 5.254089488159819, "mode": 0.6509715040303135, "rlr_multiplier": 0.32614304328903976, "slr": 2.102396003771035, "vocab_size": 1.4187819710878251}, "datetime": {"datetime": "2024-10-25 01:52:24", "elapsed": 4140.999352, "delta": 384.410717}}
{"target": 35.282257199287415, "params": {"hidden_units": 5.129002836326121, "lc_multiplier": 0.631495107886335, "length_cost": 5.008812089190413, "mode": 0.6739177759553103, "rlr_multiplier": 0.6895431933587328, "slr": 2.431192330114831, "vocab_size": 1.9600020855603453}, "datetime": {"datetime": "2024-10-25 01:59:21", "elapsed": 4557.765265, "delta": 416.765913}}
{"target": 39.616936445236206, "params": {"hidden_units": 3.3573272614202807, "lc_multiplier": 0.9503224750896593, "length_cost": 5.84188031402805, "mode": 0.9533136318108897, "rlr_multiplier": 0.849718996714314, "slr": 2.472886296905205, "vocab_size": 1.4214197693497617}, "datetime": {"datetime": "2024-10-25 02:03:31", "elapsed": 4807.329612, "delta": 249.564347}}
{"target": 80.04032373428345, "params": {"hidden_units": 5.928892941333201, "lc_multiplier": 0.699896128503857, "length_cost": 5.514451061001823, "mode": 0.4446804232947348, "rlr_multiplier": -0.18408758233728917, "slr": 2.480883438829204, "vocab_size": 1.1790676328830332}, "datetime": {"datetime": "2024-10-25 02:07:55", "elapsed": 5071.991576, "delta": 264.661964}}
{"target": 48.48790466785431, "params": {"hidden_units": 4.284887606908901, "lc_multiplier": 0.3272527847681065, "length_cost": 3.5875884455185103, "mode": 0.9814346607607471, "rlr_multiplier": -0.9663257772709544, "slr": 3.7811596198339608, "vocab_size": 1.519445819489143}, "datetime": {"datetime": "2024-10-25 02:11:27", "elapsed": 5283.689729, "delta": 211.698153}}
{"target": 72.78226017951965, "params": {"hidden_units": 3.0194221929517813, "lc_multiplier": 0.48294458135790974, "length_cost": 2.454329669119555, "mode": 0.5863395206979303, "rlr_multiplier": 0.021809001525772587, "slr": 2.319400809022391, "vocab_size": 1.9664422139330142}, "datetime": {"datetime": "2024-10-25 02:16:54", "elapsed": 5610.9591, "delta": 327.269371}}
{"target": 63.81048560142517, "params": {"hidden_units": 5.333092918053334, "lc_multiplier": 0.7143224844822799, "length_cost": 3.992580578458193, "mode": 0.025998654066976323, "rlr_multiplier": -0.11576390771344003, "slr": 3.1388004730200736, "vocab_size": 1.675729397836855}, "datetime": {"datetime": "2024-10-25 02:22:36", "elapsed": 5952.797015, "delta": 341.837915}}
{"target": 81.65322542190552, "params": {"hidden_units": 5.5393337926048485, "lc_multiplier": 0.17150685570966862, "length_cost": 1.557134068312692, "mode": 0.8799575368812622, "rlr_multiplier": -0.11240698377513003, "slr": 2.314325882824855, "vocab_size": 1.5815174305045194}, "datetime": {"datetime": "2024-10-25 03:03:41", "elapsed": 0.0, "delta": 0.0}}
{"target": 91.12903475761414, "params": {"hidden_units": 5.144317452406652, "lc_multiplier": 0.24349932237577143, "length_cost": 1.6695128207297676, "mode": 0.7050671590185073, "rlr_multiplier": -0.1330766224329355, "slr": 2.31554307214406, "vocab_size": 1.5404513581390755}, "datetime": {"datetime": "2024-10-25 03:10:15", "elapsed": 394.212189, "delta": 394.212189}}
{"target": 21.572580933570862, "params": {"hidden_units": 4.340775658007809, "lc_multiplier": 0.36516042270924104, "length_cost": 5.542040950660561, "mode": 0.4920218146770314, "rlr_multiplier": 0.8894967381494587, "slr": 2.6464553472326564, "vocab_size": 1.6922238800920053}, "datetime": {"datetime": "2024-10-25 03:16:05", "elapsed": 744.190044, "delta": 349.977855}}
{"target": 19.858871400356293, "params": {"hidden_units": 5.233146608367153, "lc_multiplier": 0.1161428007002227, "length_cost": 1.4390251919265795, "mode": 0.4339317022375556, "rlr_multiplier": -0.44766151027834983, "slr": 2.0, "vocab_size": 1.5982571233808704}, "datetime": {"datetime": "2024-10-25 03:21:04", "elapsed": 1042.68792, "delta": 298.497876}}
{"target": 85.0806474685669, "params": {"hidden_units": 5.314660337122722, "lc_multiplier": 0.44917007785562496, "length_cost": 1.6092048342384173, "mode": 0.7741665846926047, "rlr_multiplier": 0.08456856657432489, "slr": 2.4203752778727283, "vocab_size": 1.4177778198225157}, "datetime": {"datetime": "2024-10-25 03:26:13", "elapsed": 1351.650544, "delta": 308.962624}}
{"target": 70.36290168762207, "params": {"hidden_units": 5.204291469122086, "lc_multiplier": 0.1666065368297484, "length_cost": 1.4451860107850996, "mode": 0.8428975555414682, "rlr_multiplier": 0.14929122913368575, "slr": 2.162372144183061, "vocab_size": 1.414486617455812}, "datetime": {"datetime": "2024-10-25 03:30:59", "elapsed": 1638.070026, "delta": 286.419482}}
{"target": 21.169355511665344, "params": {"hidden_units": 5.1612066170867905, "lc_multiplier": 0.6451200096079506, "length_cost": 5.045459738004444, "mode": 0.6859741647600601, "rlr_multiplier": 0.7010218563828023, "slr": 2.4891965812923402, "vocab_size": 1.9614809469404046}, "datetime": {"datetime": "2024-10-25 03:38:04", "elapsed": 2063.267208, "delta": 425.197182}}
{"target": 50.30242204666138, "params": {"hidden_units": 3.4549859619201824, "lc_multiplier": 0.9521582841385704, "length_cost": 5.8477235510017564, "mode": 0.9550389041012675, "rlr_multiplier": 0.8552725589380606, "slr": 2.529320049591503, "vocab_size": 1.4428009236014239}, "datetime": {"datetime": "2024-10-25 03:41:52", "elapsed": 2290.740437, "delta": 227.473229}}
