{"target": 92.13709831237793, "params": {"hidden_units": 17, "lc_multiplier": 1, "length_cost": 2.18791422011752e-05, "mode": "gs", "rlr_multiplier": 0.2051338263087449, "slr": 0.004875407929349264, "vocab_size": 11, "rlr": 0.0010001110833634096, "lc": 2.18791422011752e-05}, "datetime": {"datetime": "2024-10-25 00:43:23", "elapsed": 0.0, "delta": 0.0}}
{"target": 76.10887289047241, "params": {"hidden_units": 48, "lc_multiplier": 1, "length_cost": 2.8816226626669437e-05, "mode": "rf", "rlr_multiplier": 8.706020878304852, "slr": 0.00021632898788517956, "vocab_size": 16, "rlr": 0.0018833646851109307, "lc": 2.8816226626669437e-05}, "datetime": {"datetime": "2024-10-25 00:46:53", "elapsed": 209.531692, "delta": 209.531692}}
{"target": 85.0806474685669, "params": {"hidden_units": 12, "lc_multiplier": 0, "length_cost": 0.0030115410349723392, "mode": "gs", "rlr_multiplier": 0.7309539835912909, "slr": 0.002615421681161676, "vocab_size": 41, "rlr": 0.0019117528966161581, "lc": 0.0}, "datetime": {"datetime": "2024-10-25 00:50:41", "elapsed": 437.802441, "delta": 228.270749}}
{"target": 22.177419066429138, "params": {"hidden_units": 11, "lc_multiplier": 0, "length_cost": 0.0014729594245028214, "mode": "rf", "rlr_multiplier": 3.718364180573207, "slr": 0.00398705691911998, "vocab_size": 33, "rlr": 0.0148253296339623, "lc": 0.0}, "datetime": {"datetime": "2024-10-25 00:54:33", "elapsed": 670.032943, "delta": 232.230502}}
{"target": 17.842741310596466, "params": {"hidden_units": 27, "lc_multiplier": 0, "length_cost": 9.168023978350096e-05, "mode": "rf", "rlr_multiplier": 0.13492834268013246, "slr": 0.00012654031915745228, "vocab_size": 92, "rlr": 1.707387554613005e-05, "lc": 0.0}, "datetime": {"datetime": "2024-10-25 00:58:54", "elapsed": 931.022956, "delta": 260.990013}}
{"target": 94.05242204666138, "params": {"hidden_units": 43, "lc_multiplier": 0, "length_cost": 0.03248175078846639, "mode": "gs", "rlr_multiplier": 0.7591104805282691, "slr": 0.005700638877527014, "vocab_size": 31, "rlr": 0.0043274147176376645, "lc": 0.0}, "datetime": {"datetime": "2024-10-25 01:04:57", "elapsed": 1293.137988, "delta": 362.115032}}
{"target": 19.153225421905518, "params": {"hidden_units": 9, "lc_multiplier": 1, "length_cost": 0.005082765717404675, "mode": "gs", "rlr_multiplier": 0.42016720543725283, "slr": 0.0009117251975220861, "vocab_size": 35, "rlr": 0.00038307702836958224, "lc": 0.005082765717404675}, "datetime": {"datetime": "2024-10-25 01:08:45", "elapsed": 1521.977158, "delta": 228.83917}}
{"target": 73.08467626571655, "params": {"hidden_units": 12, "lc_multiplier": 1, "length_cost": 1.331483788947557e-05, "mode": "gs", "rlr_multiplier": 6.161049539380964, "slr": 0.0006370889057837418, "vocab_size": 84, "rlr": 0.003925136309523645, "lc": 1.331483788947557e-05}, "datetime": {"datetime": "2024-10-25 01:14:52", "elapsed": 1888.198771, "delta": 366.221613}}
{"target": 72.78226017951965, "params": {"hidden_units": 10, "lc_multiplier": 0, "length_cost": 0.0004068412578095064, "mode": "gs", "rlr_multiplier": 2.0320953055015294, "slr": 0.00015392505256413944, "vocab_size": 69, "rlr": 0.00031279037671466393, "lc": 0.0}, "datetime": {"datetime": "2024-10-25 01:23:21", "elapsed": 2397.278427, "delta": 509.079656}}
{"target": 75.40322542190552, "params": {"hidden_units": 9, "lc_multiplier": 0, "length_cost": 3.2956389295415246e-06, "mode": "gs", "rlr_multiplier": 3.1894608074724706, "slr": 0.0027677407807286977, "vocab_size": 31, "rlr": 0.008827600745377438, "lc": 0.0}, "datetime": {"datetime": "2024-10-25 01:27:50", "elapsed": 2666.850943, "delta": 269.572516}}
{"target": 21.875, "params": {"hidden_units": 19, "lc_multiplier": 0, "length_cost": 2.9891043994123537e-06, "mode": "rf", "rlr_multiplier": 7.678109118949527, "slr": 0.0025439592346034284, "vocab_size": 48, "rlr": 0.019532796597444443, "lc": 0.0}, "datetime": {"datetime": "2024-10-25 01:33:19", "elapsed": 2995.531909, "delta": 328.680966}}
{"target": 89.21371102333069, "params": {"hidden_units": 64, "lc_multiplier": 0, "length_cost": 1.222293085135993e-05, "mode": "gs", "rlr_multiplier": 3.8436213372348953, "slr": 0.0020018793080483193, "vocab_size": 29, "rlr": 0.007694466022983548, "lc": 0.0}, "datetime": {"datetime": "2024-10-25 01:40:40", "elapsed": 3436.932458, "delta": 441.400549}}
{"target": 21.572580933570862, "params": {"hidden_units": 25, "lc_multiplier": 1, "length_cost": 4.907304405593362e-05, "mode": "rf", "rlr_multiplier": 8.555292787430579, "slr": 0.00161327337435015, "vocab_size": 11, "rlr": 0.013802026063731631, "lc": 4.907304405593362e-05}, "datetime": {"datetime": "2024-10-25 01:46:00", "elapsed": 3756.588582, "delta": 319.656124}}
{"target": 19.758065044879913, "params": {"hidden_units": 43, "lc_multiplier": 0, "length_cost": 5.570709503501065e-06, "mode": "gs", "rlr_multiplier": 2.1190589733850196, "slr": 0.007899579902250351, "vocab_size": 26, "rlr": 0.01673967567783556, "lc": 0.0}, "datetime": {"datetime": "2024-10-25 01:52:24", "elapsed": 4140.9993, "delta": 384.410718}}
{"target": 35.282257199287415, "params": {"hidden_units": 35, "lc_multiplier": 1, "length_cost": 9.799138834512733e-06, "mode": "gs", "rlr_multiplier": 4.892639231352881, "slr": 0.003705165997759903, "vocab_size": 91, "rlr": 0.018128040519314843, "lc": 9.799138834512733e-06}, "datetime": {"datetime": "2024-10-25 01:59:21", "elapsed": 4557.765191, "delta": 416.765891}}
{"target": 39.616936445236206, "params": {"hidden_units": 10, "lc_multiplier": 1, "length_cost": 1.439195147275804e-06, "mode": "gs", "rlr_multiplier": 7.074878675678227, "slr": 0.003365996833572807, "vocab_size": 26, "rlr": 0.02381401922024469, "lc": 1.439195147275804e-06}, "datetime": {"datetime": "2024-10-25 02:03:31", "elapsed": 4807.329549, "delta": 249.564358}}
{"target": 80.04032373428345, "params": {"hidden_units": 61, "lc_multiplier": 1, "length_cost": 3.0587849099623476e-06, "mode": "rf", "rlr_multiplier": 0.6545041696606656, "slr": 0.0033045822148342514, "vocab_size": 15, "rlr": 0.002162862838595495, "lc": 3.0587849099623476e-06}, "datetime": {"datetime": "2024-10-25 02:07:55", "elapsed": 5071.991472, "delta": 264.661923}}
{"target": 48.48790466785431, "params": {"hidden_units": 19, "lc_multiplier": 0, "length_cost": 0.00025847084014791663, "mode": "gs", "rlr_multiplier": 0.108062303955205, "slr": 0.0001655161516494996, "vocab_size": 33, "rlr": 1.788605668904403e-05, "lc": 0.0}, "datetime": {"datetime": "2024-10-25 02:11:27", "elapsed": 5283.689671, "delta": 211.698199}}
{"target": 72.78226017951965, "params": {"hidden_units": 8, "lc_multiplier": 0, "length_cost": 0.003512936753538745, "mode": "gs", "rlr_multiplier": 1.0514993329766766, "slr": 0.00479290908374589, "vocab_size": 93, "rlr": 0.0050397407045766575, "lc": 0.0}, "datetime": {"datetime": "2024-10-25 02:16:54", "elapsed": 5610.959015, "delta": 327.269344}}
{"target": 63.81048560142517, "params": {"hidden_units": 40, "lc_multiplier": 1, "length_cost": 0.0001017230612967469, "mode": "rf", "rlr_multiplier": 0.7660129156608071, "slr": 0.0007264396273765443, "vocab_size": 47, "rlr": 0.000556462137018257, "lc": 0.0001017230612967469}, "datetime": {"datetime": "2024-10-25 02:22:36", "elapsed": 5952.796955, "delta": 341.83794}}
{"target": 81.65322542190552, "params": {"hidden_units": 47, "lc_multiplier": 0, "length_cost": 0.02772464102611406, "mode": "gs", "rlr_multiplier": 0.771956833876, "slr": 0.004849244893951325, "vocab_size": 38, "rlr": 0.0037434077350240245, "lc": 0.0}, "datetime": {"datetime": "2024-10-25 03:03:41", "elapsed": 0.0, "delta": 0.0}}
{"target": 91.12903475761414, "params": {"hidden_units": 35, "lc_multiplier": 0, "length_cost": 0.021403617406026372, "mode": "gs", "rlr_multiplier": 0.7360772201755428, "slr": 0.004835673030354671, "vocab_size": 35, "rlr": 0.003559428761861309, "lc": 0.0}, "datetime": {"datetime": "2024-10-25 03:10:15", "elapsed": 394.211878, "delta": 394.211878}}
{"target": 21.572580933570862, "params": {"hidden_units": 20, "lc_multiplier": 0, "length_cost": 2.8705099020512828e-06, "mode": "rf", "rlr_multiplier": 7.753481199395737, "slr": 0.0022570680480736333, "vocab_size": 49, "rlr": 0.01750013467649575, "lc": 0.0}, "datetime": {"datetime": "2024-10-25 03:16:05", "elapsed": 744.189725, "delta": 349.977847}}
{"target": 19.858871400356293, "params": {"hidden_units": 38, "lc_multiplier": 0, "length_cost": 0.036389392728202366, "mode": "rf", "rlr_multiplier": 0.3567290602283051, "slr": 0.009999999999999995, "vocab_size": 40, "rlr": 0.0035672906022830493, "lc": 0.0}, "datetime": {"datetime": "2024-10-25 03:21:04", "elapsed": 1042.687611, "delta": 298.497886}}
{"target": 85.0806474685669, "params": {"hidden_units": 40, "lc_multiplier": 0, "length_cost": 0.024592074496524716, "mode": "gs", "rlr_multiplier": 1.214978426575475, "slr": 0.003798610130519115, "vocab_size": 26, "rlr": 0.004615229359551774, "lc": 0.0}, "datetime": {"datetime": "2024-10-25 03:26:13", "elapsed": 1351.650272, "delta": 308.962661}}
{"target": 70.36290168762207, "params": {"hidden_units": 37, "lc_multiplier": 0, "length_cost": 0.03587682392652234, "mode": "gs", "rlr_multiplier": 1.410234156043122, "slr": 0.006880624473206422, "vocab_size": 26, "rlr": 0.00970329164702191, "lc": 0.0}, "datetime": {"datetime": "2024-10-25 03:30:59", "elapsed": 1638.069774, "delta": 286.419502}}
{"target": 21.169355511665344, "params": {"hidden_units": 36, "lc_multiplier": 1, "length_cost": 9.006172521076673e-06, "mode": "gs", "rlr_multiplier": 5.023678711427442, "slr": 0.0032419283981510723, "vocab_size": 92, "rlr": 0.01628640667776361, "lc": 9.006172521076673e-06}, "datetime": {"datetime": "2024-10-25 03:38:04", "elapsed": 2063.266908, "delta": 425.197134}}
{"target": 50.30242204666138, "params": {"hidden_units": 11, "lc_multiplier": 1, "length_cost": 1.4199611065398892e-06, "mode": "gs", "rlr_multiplier": 7.165929958245149, "slr": 0.0029558333876741165, "vocab_size": 28, "rlr": 0.0211812950243152, "lc": 1.4199611065398892e-06}, "datetime": {"datetime": "2024-10-25 03:41:52", "elapsed": 2290.740101, "delta": 227.473193}}
